[coincap.io/index.html]
[coincap.io/static/icons/favicon.ico]
[coincap.io/static/icons/apple-touch-icon.png]
[coincap.io/static/icons/apple-touch-icon-57x57.png]
[coincap.io/static/icons/apple-touch-icon-72x72.png]
[coincap.io/static/icons/apple-touch-icon-76x76.png]
[coincap.io/static/icons/apple-touch-icon-114x114.png]
[coincap.io/static/icons/apple-touch-icon-120x120.png]
[coincap.io/static/icons/apple-touch-icon-144x144.png]
[coincap.io/static/icons/apple-touch-icon-152x152.png]
[coincap.io/static/icons/apple-touch-icon-180x180.png]
[coincap.io/static/charts/charting_library/charting_library.min.js]
[coincap.io/static/charts/datafeeds/udf/dist/polyfills.js]
[coincap.io/static/charts/datafeeds/udf/dist/bundle.js]
[cdn.polyfill.io/v2/polyfill.min.js]
[backblue.gif]
[fade.gif]
[index.html]
[coincap.io/_next/static/css/002afea4e459c2a99928.css]
[coincap.io/_next/static/css/cfb837a2694c3ad390b0.css]
[coincap.io/_next/static/chunks/webpack-093f446af528667c388a.js]
[coincap.io/_next/static/chunks/framework.0e376911129b38051d47.js]
[coincap.io/_next/static/chunks/commons.f892b1771429fe2bda1e.js]
[coincap.io/_next/static/chunks/main-5afd47e71793eb51d6a0.js]
[coincap.io/_next/static/chunks/87b70a5b.6bd51dc256e30336ee2e.js]
[coincap.io/_next/static/chunks/257941fe3145d57eb769c5dfada407761759cfbe.ba0131b5769328eb1b3f.js]
[coincap.io/_next/static/chunks/6d228898a6ce0135921d5465c27f34b1533be5b6.171f21ef04099c835d58.js]
[coincap.io/_next/static/chunks/pages/_app-05b6c9a2041561b5d788.js]
[coincap.io/_next/static/chunks/4a3ea9cd.cbdf42e1ae34d3c4d0bc.js]
[coincap.io/_next/static/chunks/11b4f44b.f330ba92d95be0c2be42.js]
[coincap.io/_next/static/chunks/013fea61c66e256b927438e307948254d7e993ae.6d03782110181d83da79.js]
[coincap.io/_next/static/chunks/09b0699f73768c9272d96aa4f3afb3c0dd739114.3b19c8c88f81127416cc.js]
[coincap.io/_next/static/chunks/10d41e8729e80d72fe4541e1d4a606847afba444.18cfae1528f8e92ac3bf.js]
[coincap.io/_next/static/chunks/93a07feef6403eb1136b4a19fc853ddf2655bbcf.f82cea9069be83b28d88.js]
[coincap.io/_next/static/chunks/eabdcd9b7d20c2260fa4f2191faf00c6ebfd38e7.7d857ed3381d5f03467a.js]
[coincap.io/_next/static/chunks/384fc4545c0ddba83fe08efc225b2faed21cbcca.4d2d65b9ffc67a24fecb.js]
[coincap.io/_next/static/chunks/003c50706ca8373b2beb8384fe78d2877fa52930.cc2254bcf775854c0248.js]
[coincap.io/_next/static/chunks/a16d1082d16d91cccf398deac6fa619970d1b947.b29dfe0f4119d1e743c5.js]
[coincap.io/_next/static/chunks/pages/index-1a9340fbc1d1ab5d261b.js]
[coincap.io/static/logos/black.svg]
[coincap.io/exchanges.html]
[coincap.io/static/images/stores/google_play.svg]
[coincap.io/static/images/stores/apple_store.svg]
[coincap.io/_next/static/chunks/polyfills-d4b64ddf8edad132965a.js]
[coincap.io/_next/static/JLd4DLrCUwx4cx0SAIxUT/_buildManifest.js]
[coincap.io/index.html]
[coincap.io/_next/static/JLd4DLrCUwx4cx0SAIxUT/_ssgManifest.js]
[coincap.io/_next/static/media/flags.99f63ae7a743f21ab30847ed06a698d9.png]
[coincap.io/_next/static/media/icons.a01e3f2d6c83dc3aee175e2482b3f777.eot]
[coincap.io/_next/static/media/icons.a01e3f2d6c83dc3aee175e2482b3f777d41d.eot]
[coincap.io/_next/static/media/icons.38c6d8bab26db77d8c806813e1497763.woff2]
[coincap.io/_next/static/media/icons.425399f81e4ce7cbd967685402ba0260.woff]
[coincap.io/_next/static/media/icons.c656b8caa454ed19b9a2ef7f4f5b8fea.ttf]
[coincap.io/_next/static/media/icons.62d9dae4e0040e81c980950003df0e07.svg]
[coincap.io/_next/static/media/outline-icons.752905fa5edf21fc52a10a0c1ca9c7a4.eot]
[coincap.io/_next/static/media/outline-icons.752905fa5edf21fc52a10a0c1ca9c7a4d41d.eot]
[coincap.io/_next/static/media/outline-icons.687a4990ea22bb1a49d469a5d9319790.woff2]
[coincap.io/_next/static/media/outline-icons.ddae9b1ba9b0b42f58809904b0b21349.woff]
[coincap.io/_next/static/media/outline-icons.5367103510b27b78482794590e1ce3b0.ttf]
[coincap.io/_next/static/media/outline-icons.9c4845b4b41ef40a22faee76144fa816.svg]
[coincap.io/_next/static/media/brand-icons.d68fa3e67dbb653a13cec44b1bcabcfe.eot]
[coincap.io/_next/static/media/brand-icons.d68fa3e67dbb653a13cec44b1bcabcfed41d.eot]
[coincap.io/_next/static/media/brand-icons.278156e41e0ad908cf7f841b17130502.woff2]
[coincap.io/_next/static/media/brand-icons.cac87dc00c87a5d74711d0276713808a.woff]
[coincap.io/_next/static/media/brand-icons.65a2fb6d9aaa164b41a039302093995b.ttf]
[coincap.io/_next/static/css/002afea4e459c2a99928.css]
[coincap.io/_next/static/css/cfb837a2694c3ad390b0.css]
[www.googletagmanager.com/gtm5445.html]
[coincap.io/static/logos/black.svg]
[coincap.io/_next/static/media/brand-icons.6729d29753e000c17489ed43135ba8d5.svg]
[coincap.io/exchanges.html]
[coincap.io/_next/static/chunks/pages/exchanges-cb965dfd3dbd00723eaa.js]
[coincap.io/static/images/stores/google-play-badge.svg]
[coincap.io/static/images/stores/google_play.svg]
[coincap.io/static/images/stores/apple_store.svg]
[coincap.io/_next/static/media/icons.62d9dae4e0040e81c980950003df0e07.svg]
[coincap.io/_next/static/media/outline-icons.9c4845b4b41ef40a22faee76144fa816.svg]
[coincap.io/_next/static/media/brand-icons.6729d29753e000c17489ed43135ba8d5.svg]
[coincap.io/static/images/stores/google-play-badge.html]
